<?xml version="1.0" encoding="UTF-8"?>
<!-- Generated by org.testng.reporters.JUnitReportReporter -->
<testsuite hostname="JI-STD-95YR373" failures="0" tests="2" name="com.janescom.qa.Test.MenuBartest" time="13.932" errors="1" timestamp="2020-12-08T20:26:35 IST" skipped="1">
  <testcase classname="com.janescom.qa.Test.MenuBartest" name="initialization" time="13.932">
    <error message="session not created
from chrome not reachable
  (Session info: chrome=87.0.4280.88)
Build info: version: &#039;4.0.0-alpha-5&#039;, revision: &#039;b3a0d621cc&#039;
System info: host: &#039;JI-STD-95YR373&#039;, ip: &#039;192.168.0.6&#039;, os.name: &#039;Windows 10&#039;, os.arch: &#039;amd64&#039;, os.version: &#039;10.0&#039;, java.version: &#039;14.0.2&#039;
Driver info: driver.version: ChromeDriver
remote stacktrace: Backtrace:
	Ordinal0 [0x0131ECE3+3337443]
	Ordinal0 [0x011FF041+2158657]
	Ordinal0 [0x01086E50+618064]
	Ordinal0 [0x0107D114+577812]
	Ordinal0 [0x0107D7DB+579547]
	Ordinal0 [0x0107EA45+584261]
	Ordinal0 [0x01079A71+563825]
	Ordinal0 [0x01087FD0+622544]
	Ordinal0 [0x01026B2D+224045]
	Ordinal0 [0x01025BFC+220156]
	Ordinal0 [0x0102181B+202779]
	Ordinal0 [0x01003D74+81268]
	Ordinal0 [0x01004D6E+85358]
	Ordinal0 [0x01004CF9+85241]
	Ordinal0 [0x01216F2C+2256684]
	GetHandleVerifier [0x014A2FAC+1478332]
	GetHandleVerifier [0x014A2AFD+1477133]
	GetHandleVerifier [0x014AAAD8+1509864]
	GetHandleVerifier [0x014A369E+1480110]
	Ordinal0 [0x0120D6BD+2217661]
	Ordinal0 [0x012189AB+2263467]
	Ordinal0 [0x01218AEF+2263791]
	Ordinal0 [0x0122D363+2347875]
	BaseThreadInitThunk [0x7686FA29+25]
	RtlGetAppContainerNamedObjectPath [0x771475F4+228]
	RtlGetAppContainerNamedObjectPath [0x771475C4+180]
" type="org.openqa.selenium.SessionNotCreatedException">
      <![CDATA[org.openqa.selenium.SessionNotCreatedException: session not created
from chrome not reachable
  (Session info: chrome=87.0.4280.88)
Build info: version: '4.0.0-alpha-5', revision: 'b3a0d621cc'
System info: host: 'JI-STD-95YR373', ip: '192.168.0.6', os.name: 'Windows 10', os.arch: 'amd64', os.version: '10.0', java.version: '14.0.2'
Driver info: driver.version: ChromeDriver
remote stacktrace: Backtrace:
Ordinal0 [0x0131ECE3+3337443]
Ordinal0 [0x011FF041+2158657]
Ordinal0 [0x01086E50+618064]
Ordinal0 [0x0107D114+577812]
Ordinal0 [0x0107D7DB+579547]
Ordinal0 [0x0107EA45+584261]
Ordinal0 [0x01079A71+563825]
Ordinal0 [0x01087FD0+622544]
Ordinal0 [0x01026B2D+224045]
Ordinal0 [0x01025BFC+220156]
Ordinal0 [0x0102181B+202779]
Ordinal0 [0x01003D74+81268]
Ordinal0 [0x01004D6E+85358]
Ordinal0 [0x01004CF9+85241]
Ordinal0 [0x01216F2C+2256684]
GetHandleVerifier [0x014A2FAC+1478332]
GetHandleVerifier [0x014A2AFD+1477133]
GetHandleVerifier [0x014AAAD8+1509864]
GetHandleVerifier [0x014A369E+1480110]
Ordinal0 [0x0120D6BD+2217661]
Ordinal0 [0x012189AB+2263467]
Ordinal0 [0x01218AEF+2263791]
Ordinal0 [0x0122D363+2347875]
BaseThreadInitThunk [0x7686FA29+25]
RtlGetAppContainerNamedObjectPath [0x771475F4+228]
RtlGetAppContainerNamedObjectPath [0x771475C4+180]

at java.base/jdk.internal.reflect.NativeConstructorAccessorImpl.newInstance0(Native Method)
at java.base/jdk.internal.reflect.NativeConstructorAccessorImpl.newInstance(NativeConstructorAccessorImpl.java:62)
at java.base/jdk.internal.reflect.DelegatingConstructorAccessorImpl.newInstance(DelegatingConstructorAccessorImpl.java:45)
at java.base/java.lang.reflect.Constructor.newInstanceWithCaller(Constructor.java:500)
at java.base/java.lang.reflect.Constructor.newInstance(Constructor.java:481)
at org.openqa.selenium.remote.W3CHandshakeResponse.lambda$errorHandler$0(W3CHandshakeResponse.java:62)
at org.openqa.selenium.remote.HandshakeResponse.lambda$getResponseFunction$0(HandshakeResponse.java:30)
at org.openqa.selenium.remote.ProtocolHandshake.lambda$createSession$1(ProtocolHandshake.java:126)
at java.base/java.util.stream.ReferencePipeline$3$1.accept(ReferencePipeline.java:195)
at java.base/java.util.Spliterators$ArraySpliterator.tryAdvance(Spliterators.java:958)
at java.base/java.util.stream.ReferencePipeline.forEachWithCancel(ReferencePipeline.java:127)
at java.base/java.util.stream.AbstractPipeline.copyIntoWithCancel(AbstractPipeline.java:502)
at java.base/java.util.stream.AbstractPipeline.copyInto(AbstractPipeline.java:488)
at java.base/java.util.stream.AbstractPipeline.wrapAndCopyInto(AbstractPipeline.java:474)
at java.base/java.util.stream.FindOps$FindOp.evaluateSequential(FindOps.java:150)
at java.base/java.util.stream.AbstractPipeline.evaluate(AbstractPipeline.java:234)
at java.base/java.util.stream.ReferencePipeline.findFirst(ReferencePipeline.java:543)
at org.openqa.selenium.remote.ProtocolHandshake.createSession(ProtocolHandshake.java:128)
at org.openqa.selenium.remote.ProtocolHandshake.createSession(ProtocolHandshake.java:75)
at org.openqa.selenium.remote.HttpCommandExecutor.execute(HttpCommandExecutor.java:139)
at org.openqa.selenium.remote.service.DriverCommandExecutor.execute(DriverCommandExecutor.java:83)
at org.openqa.selenium.remote.RemoteWebDriver.execute(RemoteWebDriver.java:582)
at org.openqa.selenium.remote.RemoteWebDriver.startSession(RemoteWebDriver.java:216)
at org.openqa.selenium.remote.RemoteWebDriver.<init>(RemoteWebDriver.java:136)
at org.openqa.selenium.chromium.ChromiumDriver.<init>(ChromiumDriver.java:75)
at org.openqa.selenium.chrome.ChromeDriver.<init>(ChromeDriver.java:163)
at org.openqa.selenium.chrome.ChromeDriver.<init>(ChromeDriver.java:150)
at org.openqa.selenium.chrome.ChromeDriver.<init>(ChromeDriver.java:105)
at com.janescom.qa.BasePage.BasePage.initialization(BasePage.java:47)
at java.base/jdk.internal.reflect.NativeMethodAccessorImpl.invoke0(Native Method)
at java.base/jdk.internal.reflect.NativeMethodAccessorImpl.invoke(NativeMethodAccessorImpl.java:62)
at java.base/jdk.internal.reflect.DelegatingMethodAccessorImpl.invoke(DelegatingMethodAccessorImpl.java:43)
at java.base/java.lang.reflect.Method.invoke(Method.java:564)
at org.testng.internal.MethodInvocationHelper.invokeMethod(MethodInvocationHelper.java:133)
at org.testng.internal.MethodInvocationHelper.invokeMethodConsideringTimeout(MethodInvocationHelper.java:62)
at org.testng.internal.ConfigInvoker.invokeConfigurationMethod(ConfigInvoker.java:340)
at org.testng.internal.ConfigInvoker.invokeConfigurations(ConfigInvoker.java:294)
at org.testng.internal.TestInvoker.runConfigMethods(TestInvoker.java:683)
at org.testng.internal.TestInvoker.invokeMethod(TestInvoker.java:510)
at org.testng.internal.TestInvoker.invokeTestMethod(TestInvoker.java:172)
at org.testng.internal.MethodRunner.runInSequence(MethodRunner.java:46)
at org.testng.internal.TestInvoker$MethodInvocationAgent.invoke(TestInvoker.java:804)
at org.testng.internal.TestInvoker.invokeTestMethods(TestInvoker.java:145)
at org.testng.internal.TestMethodWorker.invokeTestMethods(TestMethodWorker.java:146)
at org.testng.internal.TestMethodWorker.run(TestMethodWorker.java:128)
at java.base/java.util.ArrayList.forEach(ArrayList.java:1511)
at org.testng.TestRunner.privateRun(TestRunner.java:770)
at org.testng.TestRunner.run(TestRunner.java:591)
at org.testng.SuiteRunner.runTest(SuiteRunner.java:402)
at org.testng.SuiteRunner.runSequentially(SuiteRunner.java:396)
at org.testng.SuiteRunner.privateRun(SuiteRunner.java:355)
at org.testng.SuiteRunner.run(SuiteRunner.java:304)
at org.testng.SuiteRunnerWorker.runSuite(SuiteRunnerWorker.java:53)
at org.testng.SuiteRunnerWorker.run(SuiteRunnerWorker.java:96)
at org.testng.TestNG.runSuitesSequentially(TestNG.java:1180)
at org.testng.TestNG.runSuitesLocally(TestNG.java:1102)
at org.testng.TestNG.runSuites(TestNG.java:1032)
at org.testng.TestNG.run(TestNG.java:1000)
at org.testng.remote.AbstractRemoteTestNG.run(AbstractRemoteTestNG.java:115)
at org.testng.remote.RemoteTestNG.initAndRun(RemoteTestNG.java:251)
at org.testng.remote.RemoteTestNG.main(RemoteTestNG.java:77)
]]>
    </error>
  </testcase> <!-- initialization -->
  <testcase classname="com.janescom.qa.Test.MenuBartest" name="MenubarNews" time="0.000">
    <skipped/>
  </testcase> <!-- MenubarNews -->
</testsuite> <!-- com.janescom.qa.Test.MenuBartest -->
